app/build/intermediates/manifest_merge_blame_file/debug/processDebugMainManifest/manifest-merger-blame-debug-report.txt
1<?xml version="1.0" encoding="utf-8"?>
2<manifest xmlns:android="http://schemas.android.com/apk/res/android"
3    package="com.example.dashboardapp"
4    android:versionCode="1"
5    android:versionName="1.0" >
6
7    <uses-sdk
8        android:minSdkVersion="24"
9        android:targetSdkVersion="34" />
10
11    <uses-permission android:name="android.permission.INTERNET" />
11-->src\main\AndroidManifest.xml:5:5-67
11-->src\main\AndroidManifest.xml:5:22-64
12    <uses-permission android:name="android.permission.CAMERA" />
12-->src\main\AndroidManifest.xml:6:5-65
12-->src\main\AndroidManifest.xml:6:22-62
13    <uses-permission android:name="android.permission.RECORD_AUDIO" />
13-->src\main\AndroidManifest.xml:7:5-71
13-->src\main\AndroidManifest.xml:7:22-68
14
15    <uses-feature android:name="android.hardware.camera.any" />
15-->src\main\AndroidManifest.xml:8:5-64
15-->src\main\AndroidManifest.xml:8:19-61
16
17    <uses-permission android:name="android.permission.POST_NOTIFICATIONS" />
17-->src\main\AndroidManifest.xml:9:5-77
17-->src\main\AndroidManifest.xml:9:22-74
18    <uses-permission android:name="android.permission.VIBRATE" />
18-->src\main\AndroidManifest.xml:10:5-66
18-->src\main\AndroidManifest.xml:10:22-63
19    <uses-permission android:name="android.permission.ACCESS_NETWORK_STATE" />
19-->[com.google.firebase:firebase-messaging:23.4.1] AndroidManifest.xml:22:5-79
19-->[com.google.firebase:firebase-messaging:23.4.1] AndroidManifest.xml:22:22-76
20    <uses-permission android:name="android.permission.WAKE_LOCK" /> <!-- Required by older versions of Google Play services to create IID tokens -->
20-->[com.google.firebase:firebase-messaging:23.4.1] AndroidManifest.xml:24:5-68
20-->[com.google.firebase:firebase-messaging:23.4.1] AndroidManifest.xml:24:22-65
21    <uses-permission android:name="com.google.android.c2dm.permission.RECEIVE" />
21-->[com.google.firebase:firebase-messaging:23.4.1] AndroidManifest.xml:26:5-82
21-->[com.google.firebase:firebase-messaging:23.4.1] AndroidManifest.xml:26:22-79
22
23    <permission
23-->[androidx.core:core:1.13.0] AndroidManifest.xml:22:5-24:47
24        android:name="com.example.dashboardapp.DYNAMIC_RECEIVER_NOT_EXPORTED_PERMISSION"
24-->[androidx.core:core:1.13.0] AndroidManifest.xml:23:9-81
25        android:protectionLevel="signature" />
25-->[androidx.core:core:1.13.0] AndroidManifest.xml:24:9-44
26
27    <uses-permission android:name="com.example.dashboardapp.DYNAMIC_RECEIVER_NOT_EXPORTED_PERMISSION" />
27-->[androidx.core:core:1.13.0] AndroidManifest.xml:26:5-97
27-->[androidx.core:core:1.13.0] AndroidManifest.xml:26:22-94
28
29    <application
29-->src\main\AndroidManifest.xml:12:5-64:19
30        android:allowBackup="true"
30-->src\main\AndroidManifest.xml:13:9-35
31        android:appComponentFactory="androidx.core.app.CoreComponentFactory"
31-->[androidx.core:core:1.13.0] AndroidManifest.xml:28:18-86
32        android:debuggable="true"
33        android:extractNativeLibs="false"
34        android:icon="@mipmap/ic_launcher"
34-->src\main\AndroidManifest.xml:14:9-43
35        android:label="@string/app_name"
35-->src\main\AndroidManifest.xml:15:9-41
36        android:roundIcon="@mipmap/ic_launcher"
36-->src\main\AndroidManifest.xml:16:9-48
37        android:supportsRtl="true"
37-->src\main\AndroidManifest.xml:17:9-35
38        android:testOnly="true"
39        android:theme="@style/Theme.DashboardApp" >
39-->src\main\AndroidManifest.xml:18:9-50
40        <activity
40-->src\main\AndroidManifest.xml:19:9-21:40
41            android:name="com.example.dashboardapp.Memories"
41-->src\main\AndroidManifest.xml:20:13-37
42            android:exported="false" />
42-->src\main\AndroidManifest.xml:21:13-37
43        <activity
43-->src\main\AndroidManifest.xml:22:9-24:40
44            android:name="com.example.dashboardapp.LocketActivity"
44-->src\main\AndroidManifest.xml:23:13-43
45            android:exported="false" />
45-->src\main\AndroidManifest.xml:24:13-37
46        <activity
46-->src\main\AndroidManifest.xml:25:9-27:40
47            android:name="com.example.dashboardapp.LoveNotesActivity"
47-->src\main\AndroidManifest.xml:26:13-46
48            android:exported="false" />
48-->src\main\AndroidManifest.xml:27:13-37
49        <activity
49-->src\main\AndroidManifest.xml:28:9-37:20
50            android:name="com.example.dashboardapp.SplashActivity"
50-->src\main\AndroidManifest.xml:29:13-43
51            android:exported="true"
51-->src\main\AndroidManifest.xml:30:13-36
52            android:theme="@style/Theme.DashboardApp.Splash" >
52-->src\main\AndroidManifest.xml:31:13-61
53            <intent-filter>
53-->src\main\AndroidManifest.xml:32:13-36:29
54                <action android:name="android.intent.action.MAIN" />
54-->src\main\AndroidManifest.xml:33:17-69
54-->src\main\AndroidManifest.xml:33:25-66
55
56                <category android:name="android.intent.category.LAUNCHER" />
56-->src\main\AndroidManifest.xml:35:17-77
56-->src\main\AndroidManifest.xml:35:27-74
57            </intent-filter>
58        </activity>
59        <activity android:name="com.example.dashboardapp.DashboardActivity" />
59-->src\main\AndroidManifest.xml:38:9-55
59-->src\main\AndroidManifest.xml:38:19-52
60        <activity
60-->src\main\AndroidManifest.xml:39:9-41:40
61            android:name="com.example.dashboardapp.BlankActivity"
61-->src\main\AndroidManifest.xml:40:13-42
62            android:exported="false" />
62-->src\main\AndroidManifest.xml:41:13-37
63        <activity
63-->src\main\AndroidManifest.xml:42:9-45:58
64            android:name="com.example.dashboardapp.Login"
64-->src\main\AndroidManifest.xml:43:13-34
65            android:exported="false"
65-->src\main\AndroidManifest.xml:44:13-37
66            android:windowSoftInputMode="adjustResize" />
66-->src\main\AndroidManifest.xml:45:13-55
67
68        <provider
69            android:name="androidx.core.content.FileProvider"
69-->src\main\AndroidManifest.xml:48:13-62
70            android:authorities="com.example.dashboardapp.fileprovider"
70-->src\main\AndroidManifest.xml:49:13-64
71            android:exported="false"
71-->src\main\AndroidManifest.xml:50:13-37
72            android:grantUriPermissions="true" >
72-->src\main\AndroidManifest.xml:51:13-47
73            <meta-data
73-->src\main\AndroidManifest.xml:52:13-54:54
74                android:name="android.support.FILE_PROVIDER_PATHS"
74-->src\main\AndroidManifest.xml:53:17-67
75                android:resource="@xml/file_paths" />
75-->src\main\AndroidManifest.xml:54:17-51
76        </provider>
77
78        <service
78-->src\main\AndroidManifest.xml:57:9-63:19
79            android:name="com.example.dashboardapp.MyFirebaseMessagingService"
79-->src\main\AndroidManifest.xml:58:13-55
80            android:exported="false" >
80-->src\main\AndroidManifest.xml:59:13-37
81            <intent-filter>
81-->src\main\AndroidManifest.xml:60:13-62:29
82                <action android:name="com.google.firebase.MESSAGING_EVENT" />
82-->src\main\AndroidManifest.xml:61:17-78
82-->src\main\AndroidManifest.xml:61:25-75
83            </intent-filter>
84        </service>
85        <service
85-->[androidx.camera:camera-camera2:1.3.4] AndroidManifest.xml:24:9-33:19
86            android:name="androidx.camera.core.impl.MetadataHolderService"
86-->[androidx.camera:camera-camera2:1.3.4] AndroidManifest.xml:25:13-75
87            android:enabled="false"
87-->[androidx.camera:camera-camera2:1.3.4] AndroidManifest.xml:26:13-36
88            android:exported="false" >
88-->[androidx.camera:camera-camera2:1.3.4] AndroidManifest.xml:27:13-37
89            <meta-data
89-->[androidx.camera:camera-camera2:1.3.4] AndroidManifest.xml:30:13-32:89
90                android:name="androidx.camera.core.impl.MetadataHolderService.DEFAULT_CONFIG_PROVIDER"
90-->[androidx.camera:camera-camera2:1.3.4] AndroidManifest.xml:31:17-103
91                android:value="androidx.camera.camera2.Camera2Config$DefaultProvider" />
91-->[androidx.camera:camera-camera2:1.3.4] AndroidManifest.xml:32:17-86
92        </service>
93
94        <receiver
94-->[com.google.firebase:firebase-messaging:23.4.1] AndroidManifest.xml:29:9-40:20
95            android:name="com.google.firebase.iid.FirebaseInstanceIdReceiver"
95-->[com.google.firebase:firebase-messaging:23.4.1] AndroidManifest.xml:30:13-78
96            android:exported="true"
96-->[com.google.firebase:firebase-messaging:23.4.1] AndroidManifest.xml:31:13-36
97            android:permission="com.google.android.c2dm.permission.SEND" >
97-->[com.google.firebase:firebase-messaging:23.4.1] AndroidManifest.xml:32:13-73
98            <intent-filter>
98-->[com.google.firebase:firebase-messaging:23.4.1] AndroidManifest.xml:33:13-35:29
99                <action android:name="com.google.android.c2dm.intent.RECEIVE" />
99-->[com.google.firebase:firebase-messaging:23.4.1] AndroidManifest.xml:34:17-81
99-->[com.google.firebase:firebase-messaging:23.4.1] AndroidManifest.xml:34:25-78
100            </intent-filter>
101
102            <meta-data
102-->[com.google.firebase:firebase-messaging:23.4.1] AndroidManifest.xml:37:13-39:40
103                android:name="com.google.android.gms.cloudmessaging.FINISHED_AFTER_HANDLED"
103-->[com.google.firebase:firebase-messaging:23.4.1] AndroidManifest.xml:38:17-92
104                android:value="true" />
104-->[com.google.firebase:firebase-messaging:23.4.1] AndroidManifest.xml:39:17-37
105        </receiver>
106        <!--
107             FirebaseMessagingService performs security checks at runtime,
108             but set to not exported to explicitly avoid allowing another app to call it.
109        -->
110        <service
110-->[com.google.firebase:firebase-messaging:23.4.1] AndroidManifest.xml:46:9-53:19
111            android:name="com.google.firebase.messaging.FirebaseMessagingService"
111-->[com.google.firebase:firebase-messaging:23.4.1] AndroidManifest.xml:47:13-82
112            android:directBootAware="true"
112-->[com.google.firebase:firebase-messaging:23.4.1] AndroidManifest.xml:48:13-43
113            android:exported="false" >
113-->[com.google.firebase:firebase-messaging:23.4.1] AndroidManifest.xml:49:13-37
114            <intent-filter android:priority="-500" >
114-->src\main\AndroidManifest.xml:60:13-62:29
115                <action android:name="com.google.firebase.MESSAGING_EVENT" />
115-->src\main\AndroidManifest.xml:61:17-78
115-->src\main\AndroidManifest.xml:61:25-75
116            </intent-filter>
117        </service>
118        <service
118-->[com.google.firebase:firebase-messaging:23.4.1] AndroidManifest.xml:54:9-63:19
119            android:name="com.google.firebase.components.ComponentDiscoveryService"
119-->[com.google.firebase:firebase-messaging:23.4.1] AndroidManifest.xml:55:13-84
120            android:directBootAware="true"
120-->[com.google.firebase:firebase-common:20.4.3] AndroidManifest.xml:32:13-43
121            android:exported="false" >
121-->[com.google.firebase:firebase-messaging:23.4.1] AndroidManifest.xml:56:13-37
122            <meta-data
122-->[com.google.firebase:firebase-messaging:23.4.1] AndroidManifest.xml:57:13-59:85
123                android:name="com.google.firebase.components:com.google.firebase.messaging.FirebaseMessagingKtxRegistrar"
123-->[com.google.firebase:firebase-messaging:23.4.1] AndroidManifest.xml:58:17-122
124                android:value="com.google.firebase.components.ComponentRegistrar" />
124-->[com.google.firebase:firebase-messaging:23.4.1] AndroidManifest.xml:59:17-82
125            <meta-data
125-->[com.google.firebase:firebase-messaging:23.4.1] AndroidManifest.xml:60:13-62:85
126                android:name="com.google.firebase.components:com.google.firebase.messaging.FirebaseMessagingRegistrar"
126-->[com.google.firebase:firebase-messaging:23.4.1] AndroidManifest.xml:61:17-119
127                android:value="com.google.firebase.components.ComponentRegistrar" />
127-->[com.google.firebase:firebase-messaging:23.4.1] AndroidManifest.xml:62:17-82
128            <meta-data
128-->[com.google.firebase:firebase-installations:17.2.0] AndroidManifest.xml:15:13-17:85
129                android:name="com.google.firebase.components:com.google.firebase.installations.FirebaseInstallationsKtxRegistrar"
129-->[com.google.firebase:firebase-installations:17.2.0] AndroidManifest.xml:16:17-130
130                android:value="com.google.firebase.components.ComponentRegistrar" />
130-->[com.google.firebase:firebase-installations:17.2.0] AndroidManifest.xml:17:17-82
131            <meta-data
131-->[com.google.firebase:firebase-installations:17.2.0] AndroidManifest.xml:18:13-20:85
132                android:name="com.google.firebase.components:com.google.firebase.installations.FirebaseInstallationsRegistrar"
132-->[com.google.firebase:firebase-installations:17.2.0] AndroidManifest.xml:19:17-127
133                android:value="com.google.firebase.components.ComponentRegistrar" />
133-->[com.google.firebase:firebase-installations:17.2.0] AndroidManifest.xml:20:17-82
134            <meta-data
134-->[com.google.firebase:firebase-common-ktx:20.4.3] AndroidManifest.xml:12:13-14:85
135                android:name="com.google.firebase.components:com.google.firebase.ktx.FirebaseCommonLegacyRegistrar"
135-->[com.google.firebase:firebase-common-ktx:20.4.3] AndroidManifest.xml:13:17-116
136                android:value="com.google.firebase.components.ComponentRegistrar" />
136-->[com.google.firebase:firebase-common-ktx:20.4.3] AndroidManifest.xml:14:17-82
137            <meta-data
137-->[com.google.firebase:firebase-common:20.4.3] AndroidManifest.xml:35:13-37:85
138                android:name="com.google.firebase.components:com.google.firebase.FirebaseCommonKtxRegistrar"
138-->[com.google.firebase:firebase-common:20.4.3] AndroidManifest.xml:36:17-109
139                android:value="com.google.firebase.components.ComponentRegistrar" />
139-->[com.google.firebase:firebase-common:20.4.3] AndroidManifest.xml:37:17-82
140            <meta-data
140-->[com.google.firebase:firebase-datatransport:18.1.7] AndroidManifest.xml:27:13-29:85
141                android:name="com.google.firebase.components:com.google.firebase.datatransport.TransportRegistrar"
141-->[com.google.firebase:firebase-datatransport:18.1.7] AndroidManifest.xml:28:17-115
142                android:value="com.google.firebase.components.ComponentRegistrar" />
142-->[com.google.firebase:firebase-datatransport:18.1.7] AndroidManifest.xml:29:17-82
143        </service>
144
145        <activity
145-->[com.google.android.gms:play-services-base:18.0.1] AndroidManifest.xml:20:9-22:45
146            android:name="com.google.android.gms.common.api.GoogleApiActivity"
146-->[com.google.android.gms:play-services-base:18.0.1] AndroidManifest.xml:20:19-85
147            android:exported="false"
147-->[com.google.android.gms:play-services-base:18.0.1] AndroidManifest.xml:22:19-43
148            android:theme="@android:style/Theme.Translucent.NoTitleBar" />
148-->[com.google.android.gms:play-services-base:18.0.1] AndroidManifest.xml:21:19-78
149
150        <provider
150-->[com.google.firebase:firebase-common:20.4.3] AndroidManifest.xml:23:9-28:39
151            android:name="com.google.firebase.provider.FirebaseInitProvider"
151-->[com.google.firebase:firebase-common:20.4.3] AndroidManifest.xml:24:13-77
152            android:authorities="com.example.dashboardapp.firebaseinitprovider"
152-->[com.google.firebase:firebase-common:20.4.3] AndroidManifest.xml:25:13-72
153            android:directBootAware="true"
153-->[com.google.firebase:firebase-common:20.4.3] AndroidManifest.xml:26:13-43
154            android:exported="false"
154-->[com.google.firebase:firebase-common:20.4.3] AndroidManifest.xml:27:13-37
155            android:initOrder="100" />
155-->[com.google.firebase:firebase-common:20.4.3] AndroidManifest.xml:28:13-36
156        <provider
156-->[androidx.emoji2:emoji2:1.3.0] AndroidManifest.xml:24:9-32:20
157            android:name="androidx.startup.InitializationProvider"
157-->[androidx.emoji2:emoji2:1.3.0] AndroidManifest.xml:25:13-67
158            android:authorities="com.example.dashboardapp.androidx-startup"
158-->[androidx.emoji2:emoji2:1.3.0] AndroidManifest.xml:26:13-68
159            android:exported="false" >
159-->[androidx.emoji2:emoji2:1.3.0] AndroidManifest.xml:27:13-37
160            <meta-data
160-->[androidx.emoji2:emoji2:1.3.0] AndroidManifest.xml:29:13-31:52
161                android:name="androidx.emoji2.text.EmojiCompatInitializer"
161-->[androidx.emoji2:emoji2:1.3.0] AndroidManifest.xml:30:17-75
162                android:value="androidx.startup" />
162-->[androidx.emoji2:emoji2:1.3.0] AndroidManifest.xml:31:17-49
163            <meta-data
163-->[androidx.lifecycle:lifecycle-process:2.6.2] AndroidManifest.xml:29:13-31:52
164                android:name="androidx.lifecycle.ProcessLifecycleInitializer"
164-->[androidx.lifecycle:lifecycle-process:2.6.2] AndroidManifest.xml:30:17-78
165                android:value="androidx.startup" />
165-->[androidx.lifecycle:lifecycle-process:2.6.2] AndroidManifest.xml:31:17-49
166            <meta-data
166-->[androidx.profileinstaller:profileinstaller:1.3.1] AndroidManifest.xml:29:13-31:52
167                android:name="androidx.profileinstaller.ProfileInstallerInitializer"
167-->[androidx.profileinstaller:profileinstaller:1.3.1] AndroidManifest.xml:30:17-85
168                android:value="androidx.startup" />
168-->[androidx.profileinstaller:profileinstaller:1.3.1] AndroidManifest.xml:31:17-49
169        </provider>
170
171        <meta-data
171-->[com.google.android.gms:play-services-basement:18.3.0] AndroidManifest.xml:21:9-23:69
172            android:name="com.google.android.gms.version"
172-->[com.google.android.gms:play-services-basement:18.3.0] AndroidManifest.xml:22:13-58
173            android:value="@integer/google_play_services_version" />
173-->[com.google.android.gms:play-services-basement:18.3.0] AndroidManifest.xml:23:13-66
174
175        <receiver
175-->[androidx.profileinstaller:profileinstaller:1.3.1] AndroidManifest.xml:34:9-52:20
176            android:name="androidx.profileinstaller.ProfileInstallReceiver"
176-->[androidx.profileinstaller:profileinstaller:1.3.1] AndroidManifest.xml:35:13-76
177            android:directBootAware="false"
177-->[androidx.profileinstaller:profileinstaller:1.3.1] AndroidManifest.xml:36:13-44
178            android:enabled="true"
178-->[androidx.profileinstaller:profileinstaller:1.3.1] AndroidManifest.xml:37:13-35
179            android:exported="true"
179-->[androidx.profileinstaller:profileinstaller:1.3.1] AndroidManifest.xml:38:13-36
180            android:permission="android.permission.DUMP" >
180-->[androidx.profileinstaller:profileinstaller:1.3.1] AndroidManifest.xml:39:13-57
181            <intent-filter>
181-->[androidx.profileinstaller:profileinstaller:1.3.1] AndroidManifest.xml:40:13-42:29
182                <action android:name="androidx.profileinstaller.action.INSTALL_PROFILE" />
182-->[androidx.profileinstaller:profileinstaller:1.3.1] AndroidManifest.xml:41:17-91
182-->[androidx.profileinstaller:profileinstaller:1.3.1] AndroidManifest.xml:41:25-88
183            </intent-filter>
184            <intent-filter>
184-->[androidx.profileinstaller:profileinstaller:1.3.1] AndroidManifest.xml:43:13-45:29
185                <action android:name="androidx.profileinstaller.action.SKIP_FILE" />
185-->[androidx.profileinstaller:profileinstaller:1.3.1] AndroidManifest.xml:44:17-85
185-->[androidx.profileinstaller:profileinstaller:1.3.1] AndroidManifest.xml:44:25-82
186            </intent-filter>
187            <intent-filter>
187-->[androidx.profileinstaller:profileinstaller:1.3.1] AndroidManifest.xml:46:13-48:29
188                <action android:name="androidx.profileinstaller.action.SAVE_PROFILE" />
188-->[androidx.profileinstaller:profileinstaller:1.3.1] AndroidManifest.xml:47:17-88
188-->[androidx.profileinstaller:profileinstaller:1.3.1] AndroidManifest.xml:47:25-85
189            </intent-filter>
190            <intent-filter>
190-->[androidx.profileinstaller:profileinstaller:1.3.1] AndroidManifest.xml:49:13-51:29
191                <action android:name="androidx.profileinstaller.action.BENCHMARK_OPERATION" />
191-->[androidx.profileinstaller:profileinstaller:1.3.1] AndroidManifest.xml:50:17-95
191-->[androidx.profileinstaller:profileinstaller:1.3.1] AndroidManifest.xml:50:25-92
192            </intent-filter>
193        </receiver>
194
195        <service
195-->[com.google.android.datatransport:transport-backend-cct:3.1.8] AndroidManifest.xml:28:9-34:19
196            android:name="com.google.android.datatransport.runtime.backends.TransportBackendDiscovery"
196-->[com.google.android.datatransport:transport-backend-cct:3.1.8] AndroidManifest.xml:29:13-103
197            android:exported="false" >
197-->[com.google.android.datatransport:transport-backend-cct:3.1.8] AndroidManifest.xml:30:13-37
198            <meta-data
198-->[com.google.android.datatransport:transport-backend-cct:3.1.8] AndroidManifest.xml:31:13-33:39
199                android:name="backend:com.google.android.datatransport.cct.CctBackendFactory"
199-->[com.google.android.datatransport:transport-backend-cct:3.1.8] AndroidManifest.xml:32:17-94
200                android:value="cct" />
200-->[com.google.android.datatransport:transport-backend-cct:3.1.8] AndroidManifest.xml:33:17-36
201        </service>
202        <service
202-->[com.google.android.datatransport:transport-runtime:3.1.8] AndroidManifest.xml:26:9-30:19
203            android:name="com.google.android.datatransport.runtime.scheduling.jobscheduling.JobInfoSchedulerService"
203-->[com.google.android.datatransport:transport-runtime:3.1.8] AndroidManifest.xml:27:13-117
204            android:exported="false"
204-->[com.google.android.datatransport:transport-runtime:3.1.8] AndroidManifest.xml:28:13-37
205            android:permission="android.permission.BIND_JOB_SERVICE" >
205-->[com.google.android.datatransport:transport-runtime:3.1.8] AndroidManifest.xml:29:13-69
206        </service>
207
208        <receiver
208-->[com.google.android.datatransport:transport-runtime:3.1.8] AndroidManifest.xml:32:9-34:40
209            android:name="com.google.android.datatransport.runtime.scheduling.jobscheduling.AlarmManagerSchedulerBroadcastReceiver"
209-->[com.google.android.datatransport:transport-runtime:3.1.8] AndroidManifest.xml:33:13-132
210            android:exported="false" />
210-->[com.google.android.datatransport:transport-runtime:3.1.8] AndroidManifest.xml:34:13-37
211    </application>
212
213</manifest>